[2025-05-12 16:38:21.484] [root] [debug] Logging system initialized. Log directory: /home/cching1/DNNAdapt/DNN-Adapt/logs
[2025-05-12 16:38:21.484] [main] [debug] DNN-Adapt starting with run_name: experiment6, model_repo: models
[2025-05-12 16:38:21.484] [main] [debug] Mapped bin file: 0x7b827c800000, size: 301056000
[2025-05-12 16:38:21.484] [main] [debug] Initializing request processors
[2025-05-12 16:38:21.484] [main] [debug] Initializing executor
[2025-05-12 16:38:21.484] [Executor] [debug] Initialize NodeRunners
[2025-05-12 16:38:22.024] [Executor] [debug] Initialize Scheduler
[2025-05-12 16:38:22.025] [main] [debug] Start executor
[2025-05-12 16:38:22.025] [Executor] [debug] Launching Nodes
[2025-05-12 16:38:22.025] [NodeRunner] [debug] Starting Node for gpu: 0
[2025-05-12 16:38:22.025] [NodeRunner] [debug] Starting Node for gpu: 1
[2025-05-12 16:38:22.025] [Executor] [debug] Launching executor run
[2025-05-12 16:38:22.025] [main] [debug] Initialize and launch simulator
[2025-05-12 16:38:22.025] [Executor] [debug] Querying request processors
[2025-05-12 16:38:22.025] [Executor] [debug] got 0 requests per second for efficientnetb0
[2025-05-12 16:38:22.025] [Executor] [debug] got 0 requests per second for resnet18
[2025-05-12 16:38:22.025] [Executor] [debug] got 0 requests per second for vit16
[2025-05-12 16:38:22.025] [Simulator] [trace] Simulating rate: 1 for model vit16
[2025-05-12 16:38:22.526] [Simulator] [trace] Simulating rate: 2 for model vit16
[2025-05-12 16:38:23.026] [Simulator] [trace] Simulating rate: 3 for model vit16
[2025-05-12 16:38:23.526] [Simulator] [trace] Simulating rate: 4 for model vit16
[2025-05-12 16:38:24.026] [Simulator] [trace] Simulating rate: 5 for model vit16
[2025-05-12 16:38:24.526] [Simulator] [trace] Simulating rate: 6 for model vit16
[2025-05-12 16:38:25.026] [Simulator] [trace] Simulating rate: 7 for model vit16
[2025-05-12 16:38:25.526] [Simulator] [trace] Simulating rate: 8 for model vit16
[2025-05-12 16:38:26.026] [Simulator] [trace] Simulating rate: 9 for model vit16
[2025-05-12 16:38:26.526] [Simulator] [trace] Simulating rate: 10 for model vit16
[2025-05-12 16:38:27.025] [Executor] [debug] Querying request processors
[2025-05-12 16:38:27.025] [Executor] [debug] got 0 requests per second for efficientnetb0
[2025-05-12 16:38:27.025] [Executor] [debug] got 0 requests per second for resnet18
[2025-05-12 16:38:27.025] [Executor] [debug] got 7 requests per second for vit16
[2025-05-12 16:38:27.025] [NodeRunner] [debug] UPDATE DETECTED: New ORTRunner being created on gpu:0 for model vit16
[2025-05-12 16:38:27.026] [Simulator] [trace] Simulating rate: 10 for model vit16
[2025-05-12 16:38:27.527] [Simulator] [trace] Simulating rate: 10 for model vit16
[2025-05-12 16:38:27.638] [NodeRunner] [debug] Acquired lock on node to make schedule update
[2025-05-12 16:38:27.638] [NodeRunner] [debug] Releasing lock after update finished, new list size is 1
[2025-05-12 16:38:27.638] [NodeRunner] [debug] Duty cycle start with session size 1 on gpu 0
[2025-05-12 16:38:27.638] [RequestProcessor] [info] METRIC USAGE - BATCH FORMED: vit16
[2025-05-12 16:38:27.638] [RequestProcessor] [info] METRIC USAGE - Request_Count: 1, Arrival_Time: 1747093102526093
[2025-05-12 16:38:27.638] [RequestProcessor] [info] METRIC USAGE - Request_Count: 1, Arrival_Time: 1747093103026214
[2025-05-12 16:38:27.638] [RequestProcessor] [info] METRIC USAGE - Request_Count: 2, Arrival_Time: 1747093103526320
[2025-05-12 16:38:27.638] [RequestProcessor] [info] METRIC USAGE - Request_Count: 2, Arrival_Time: 1747093104026436
[2025-05-12 16:38:27.638] [ORTRunner] [info] Start inference for ORTRunner_0 on gpu 0 with batch 6
[2025-05-12 16:38:27.843] [CudaCallback] [info] BATCH PROCESSED: vit16 @ 1747093107843664
[2025-05-12 16:38:28.027] [Simulator] [trace] Simulating rate: 10 for model vit16
[2025-05-12 16:38:28.495] [NodeRunner] [debug] Duty cycle start with session size 1 on gpu 0
[2025-05-12 16:38:28.495] [RequestProcessor] [info] METRIC USAGE - BATCH FORMED: vit16
[2025-05-12 16:38:28.495] [RequestProcessor] [info] METRIC USAGE - Request_Count: 3, Arrival_Time: 1747093104526511
[2025-05-12 16:38:28.495] [RequestProcessor] [info] METRIC USAGE - Request_Count: 3, Arrival_Time: 1747093105026613
[2025-05-12 16:38:28.496] [ORTRunner] [info] Start inference for ORTRunner_0 on gpu 0 with batch 6
[2025-05-12 16:38:28.505] [CudaCallback] [info] BATCH PROCESSED: vit16 @ 1747093108505449
[2025-05-12 16:38:28.527] [Simulator] [trace] Simulating rate: 10 for model vit16
[2025-05-12 16:38:29.027] [Simulator] [trace] Simulating rate: 10 for model vit16
[2025-05-12 16:38:29.353] [NodeRunner] [debug] Duty cycle start with session size 1 on gpu 0
[2025-05-12 16:38:29.353] [RequestProcessor] [info] METRIC USAGE - BATCH FORMED: vit16
[2025-05-12 16:38:29.353] [RequestProcessor] [info] METRIC USAGE - Request_Count: 4, Arrival_Time: 1747093105526708
[2025-05-12 16:38:29.353] [RequestProcessor] [info] METRIC USAGE - Request_Count: 2, Arrival_Time: 1747093106026818
[2025-05-12 16:38:29.354] [ORTRunner] [info] Start inference for ORTRunner_0 on gpu 0 with batch 6
[2025-05-12 16:38:29.363] [CudaCallback] [info] BATCH PROCESSED: vit16 @ 1747093109363049
[2025-05-12 16:38:29.527] [Simulator] [trace] Simulating rate: 10 for model vit16
[2025-05-12 16:38:30.027] [Simulator] [trace] Simulating rate: 10 for model vit16
[2025-05-12 16:38:30.211] [NodeRunner] [debug] Duty cycle start with session size 1 on gpu 0
[2025-05-12 16:38:30.211] [RequestProcessor] [info] METRIC USAGE - BATCH FORMED: vit16
[2025-05-12 16:38:30.211] [RequestProcessor] [info] METRIC USAGE - Request_Count: 2, Arrival_Time: 1747093106026818
[2025-05-12 16:38:30.211] [RequestProcessor] [info] METRIC USAGE - Request_Count: 4, Arrival_Time: 1747093106526899
[2025-05-12 16:38:30.211] [ORTRunner] [info] Start inference for ORTRunner_0 on gpu 0 with batch 6
[2025-05-12 16:38:30.221] [CudaCallback] [info] BATCH PROCESSED: vit16 @ 1747093110221012
[2025-05-12 16:38:30.527] [Simulator] [trace] Simulating rate: 10 for model vit16
[2025-05-12 16:38:31.027] [Simulator] [trace] Simulating rate: 10 for model vit16
[2025-05-12 16:38:31.069] [NodeRunner] [debug] Duty cycle start with session size 1 on gpu 0
[2025-05-12 16:38:31.069] [RequestProcessor] [info] METRIC USAGE - BATCH FORMED: vit16
[2025-05-12 16:38:31.069] [RequestProcessor] [info] METRIC USAGE - Request_Count: 1, Arrival_Time: 1747093106526899
[2025-05-12 16:38:31.069] [RequestProcessor] [info] METRIC USAGE - Request_Count: 5, Arrival_Time: 1747093107027013
[2025-05-12 16:38:31.069] [ORTRunner] [info] Start inference for ORTRunner_0 on gpu 0 with batch 6
[2025-05-12 16:38:31.078] [CudaCallback] [info] BATCH PROCESSED: vit16 @ 1747093111078789
[2025-05-12 16:38:31.528] [Simulator] [trace] Simulating rate: 10 for model vit16
[2025-05-12 16:38:31.926] [NodeRunner] [debug] Duty cycle start with session size 1 on gpu 0
[2025-05-12 16:38:31.926] [RequestProcessor] [info] METRIC USAGE - BATCH FORMED: vit16
[2025-05-12 16:38:31.926] [RequestProcessor] [info] METRIC USAGE - Request_Count: 5, Arrival_Time: 1747093107527146
[2025-05-12 16:38:31.926] [RequestProcessor] [info] METRIC USAGE - Request_Count: 1, Arrival_Time: 1747093108027258
[2025-05-12 16:38:31.927] [ORTRunner] [info] Start inference for ORTRunner_0 on gpu 0 with batch 6
[2025-05-12 16:38:31.936] [CudaCallback] [info] BATCH PROCESSED: vit16 @ 1747093111936449
[2025-05-12 16:38:32.028] [Simulator] [trace] Simulating rate: 10 for model vit16
[2025-05-12 16:38:32.528] [Simulator] [trace] Simulating rate: 10 for model vit16
[2025-05-12 16:38:32.638] [Executor] [debug] Querying request processors
[2025-05-12 16:38:32.638] [Executor] [debug] got 0 requests per second for efficientnetb0
[2025-05-12 16:38:32.638] [Executor] [debug] got 0 requests per second for resnet18
[2025-05-12 16:38:32.638] [Executor] [debug] got 10 requests per second for vit16
[2025-05-12 16:38:32.784] [NodeRunner] [debug] Acquired lock on node to make schedule update
[2025-05-12 16:38:32.784] [NodeRunner] [debug] Releasing lock after update finished, new list size is 1
[2025-05-12 16:38:32.784] [NodeRunner] [debug] Duty cycle start with session size 1 on gpu 0
[2025-05-12 16:38:32.784] [RequestProcessor] [info] METRIC USAGE - BATCH FORMED: vit16
[2025-05-12 16:38:32.784] [RequestProcessor] [info] METRIC USAGE - Request_Count: 4, Arrival_Time: 1747093108027258
[2025-05-12 16:38:32.784] [RequestProcessor] [info] METRIC USAGE - Request_Count: 4, Arrival_Time: 1747093108527365
[2025-05-12 16:38:32.785] [ORTRunner] [info] Start inference for ORTRunner_0 on gpu 0 with batch 8
[2025-05-12 16:38:32.824] [CudaCallback] [info] BATCH PROCESSED: vit16 @ 1747093112824047
[2025-05-12 16:38:33.028] [Simulator] [trace] Simulating rate: 10 for model vit16
[2025-05-12 16:38:33.528] [Simulator] [trace] Simulating rate: 10 for model vit16
[2025-05-12 16:38:33.585] [NodeRunner] [debug] Duty cycle start with session size 1 on gpu 0
[2025-05-12 16:38:33.585] [RequestProcessor] [info] METRIC USAGE - BATCH FORMED: vit16
[2025-05-12 16:38:33.585] [RequestProcessor] [info] METRIC USAGE - Request_Count: 1, Arrival_Time: 1747093108527365
[2025-05-12 16:38:33.585] [RequestProcessor] [info] METRIC USAGE - Request_Count: 5, Arrival_Time: 1747093109027466
[2025-05-12 16:38:33.585] [RequestProcessor] [info] METRIC USAGE - Request_Count: 2, Arrival_Time: 1747093109527572
[2025-05-12 16:38:33.585] [ORTRunner] [info] Start inference for ORTRunner_0 on gpu 0 with batch 8
[2025-05-12 16:38:33.596] [CudaCallback] [info] BATCH PROCESSED: vit16 @ 1747093113596897
[2025-05-12 16:38:34.028] [Simulator] [trace] Simulating rate: 10 for model vit16
[2025-05-12 16:38:34.385] [NodeRunner] [debug] Duty cycle start with session size 1 on gpu 0
[2025-05-12 16:38:34.386] [RequestProcessor] [info] METRIC USAGE - BATCH FORMED: vit16
[2025-05-12 16:38:34.386] [RequestProcessor] [info] METRIC USAGE - Request_Count: 3, Arrival_Time: 1747093109527572
[2025-05-12 16:38:34.386] [RequestProcessor] [info] METRIC USAGE - Request_Count: 5, Arrival_Time: 1747093110027692
[2025-05-12 16:38:34.386] [ORTRunner] [info] Start inference for ORTRunner_0 on gpu 0 with batch 8
[2025-05-12 16:38:34.397] [CudaCallback] [info] BATCH PROCESSED: vit16 @ 1747093114397579
[2025-05-12 16:38:34.528] [Simulator] [trace] Simulating rate: 10 for model vit16
[2025-05-12 16:38:35.028] [Simulator] [trace] Simulating rate: 10 for model vit16
[2025-05-12 16:38:35.186] [NodeRunner] [debug] Duty cycle start with session size 1 on gpu 0
[2025-05-12 16:38:35.186] [RequestProcessor] [info] METRIC USAGE - BATCH FORMED: vit16
[2025-05-12 16:38:35.186] [RequestProcessor] [info] METRIC USAGE - Request_Count: 5, Arrival_Time: 1747093110527809
[2025-05-12 16:38:35.186] [RequestProcessor] [info] METRIC USAGE - Request_Count: 3, Arrival_Time: 1747093111027921
[2025-05-12 16:38:35.187] [ORTRunner] [info] Start inference for ORTRunner_0 on gpu 0 with batch 8
[2025-05-12 16:38:35.198] [CudaCallback] [info] BATCH PROCESSED: vit16 @ 1747093115198318
[2025-05-12 16:38:35.529] [Simulator] [trace] Simulating rate: 10 for model vit16
[2025-05-12 16:38:35.987] [NodeRunner] [debug] Duty cycle start with session size 1 on gpu 0
[2025-05-12 16:38:35.987] [RequestProcessor] [info] METRIC USAGE - BATCH FORMED: vit16
[2025-05-12 16:38:35.987] [RequestProcessor] [info] METRIC USAGE - Request_Count: 2, Arrival_Time: 1747093111027921
[2025-05-12 16:38:35.987] [RequestProcessor] [info] METRIC USAGE - Request_Count: 5, Arrival_Time: 1747093111528030
[2025-05-12 16:38:35.987] [RequestProcessor] [info] METRIC USAGE - Request_Count: 1, Arrival_Time: 1747093112028139
[2025-05-12 16:38:35.988] [ORTRunner] [info] Start inference for ORTRunner_0 on gpu 0 with batch 8
[2025-05-12 16:38:35.998] [CudaCallback] [info] BATCH PROCESSED: vit16 @ 1747093115998954
[2025-05-12 16:38:36.029] [Simulator] [trace] Simulating rate: 10 for model vit16
[2025-05-12 16:38:36.529] [Simulator] [trace] Simulating rate: 10 for model vit16
[2025-05-12 16:38:36.788] [NodeRunner] [debug] Duty cycle start with session size 1 on gpu 0
[2025-05-12 16:38:36.788] [RequestProcessor] [info] METRIC USAGE - BATCH FORMED: vit16
[2025-05-12 16:38:36.788] [RequestProcessor] [info] METRIC USAGE - Request_Count: 4, Arrival_Time: 1747093112028139
[2025-05-12 16:38:36.788] [RequestProcessor] [info] METRIC USAGE - Request_Count: 4, Arrival_Time: 1747093112528240
[2025-05-12 16:38:36.788] [ORTRunner] [info] Start inference for ORTRunner_0 on gpu 0 with batch 8
[2025-05-12 16:38:36.799] [CudaCallback] [info] BATCH PROCESSED: vit16 @ 1747093116799626
[2025-05-12 16:38:37.029] [Simulator] [trace] Simulating rate: 10 for model vit16
